# JRE version: OpenJDK Runtime Environment (21.0.6) (build 21.0.6+-13368085-b895.109)
# Java VM: OpenJDK 64-Bit Server VM (21.0.6+-13368085-b895.109, mixed mode, tiered, compressed oops, compressed class ptrs, g1 gc, windows-amd64)
GC Precious Log:
 CardTable entry size: 512
 Card Set container configuration: InlinePtr #cards 4 size 8 Array Of Cards #cards 32 size 80 Howl #buckets 8 coarsen threshold 7372 Howl Bitmap #cards 1024 size 144 coarsen threshold 921 Card regions per heap region 1 cards per card region 8192
 CPUs: 12 total, 12 available
 Memory: 7528M
 Large Page Support: Disabled
 NUMA Support: Disabled
 Compressed Oops: Enabled (Zero based)
 Heap Region Size: 4M
 Heap Min Capacity: 8M
 Heap Initial Capacity: 120M
 Heap Max Capacity: 8G
 Pre-touch: Disabled
 Parallel Workers: 10
 Concurrent Workers: 3
 Concurrent Refinement Workers: 10
 Periodic GC: Disabled
Heap:
 garbage-first heap   total 520192K, used 334715K [0x0000000600000000, 0x0000000800000000)
  region size 4096K, 34 young (139264K), 7 survivors (28672K)
 Metaspace       used 141063K, committed 143680K, reserved 1179648K
  class space    used 18462K, committed 19712K, reserved 1048576K
GC Heap History (20 events):
Event: 23.798 GC heap before
{Heap before GC invocations=40 (full 0):
 garbage-first heap   total 290816K, used 260770K [0x0000000600000000, 0x0000000800000000)
  region size 4096K, 30 young (122880K), 2 survivors (8192K)
 Metaspace       used 123187K, committed 125568K, reserved 1179648K
  class space    used 16789K, committed 17984K, reserved 1048576K
}
Event: 23.813 GC heap after
{Heap after GC invocations=41 (full 0):
 garbage-first heap   total 290816K, used 154938K [0x0000000600000000, 0x0000000800000000)
  region size 4096K, 4 young (16384K), 4 survivors (16384K)
 Metaspace       used 123187K, committed 125568K, reserved 1179648K
  class space    used 16789K, committed 17984K, reserved 1048576K
}
Event: 37.253 GC heap before
{Heap before GC invocations=41 (full 0):
 garbage-first heap   total 290816K, used 249146K [0x0000000600000000, 0x0000000800000000)
  region size 4096K, 28 young (114688K), 4 survivors (16384K)
 Metaspace       used 127256K, committed 129728K, reserved 1179648K
  class space    used 17179K, committed 18368K, reserved 1048576K
}
Event: 37.270 GC heap after
{Heap after GC invocations=42 (full 0):
 garbage-first heap   total 290816K, used 164717K [0x0000000600000000, 0x0000000800000000)
  region size 4096K, 3 young (12288K), 3 survivors (12288K)
 Metaspace       used 127256K, committed 129728K, reserved 1179648K
  class space    used 17179K, committed 18368K, reserved 1048576K
}
Event: 38.221 GC heap before
{Heap before GC invocations=42 (full 0):
 garbage-first heap   total 290816K, used 222061K [0x0000000600000000, 0x0000000800000000)
  region size 4096K, 19 young (77824K), 3 survivors (12288K)
 Metaspace       used 128442K, committed 130816K, reserved 1179648K
  class space    used 17314K, committed 18496K, reserved 1048576K
}
Event: 38.231 GC heap after
{Heap after GC invocations=43 (full 0):
 garbage-first heap   total 290816K, used 166530K [0x0000000600000000, 0x0000000800000000)
  region size 4096K, 3 young (12288K), 3 survivors (12288K)
 Metaspace       used 128442K, committed 130816K, reserved 1179648K
  class space    used 17314K, committed 18496K, reserved 1048576K
}
Event: 39.485 GC heap before
{Heap before GC invocations=44 (full 0):
 garbage-first heap   total 348160K, used 334466K [0x0000000600000000, 0x0000000800000000)
  region size 4096K, 25 young (102400K), 3 survivors (12288K)
 Metaspace       used 131243K, committed 133696K, reserved 1179648K
  class space    used 17669K, committed 18880K, reserved 1048576K
}
Event: 39.499 GC heap after
{Heap after GC invocations=45 (full 0):
 garbage-first heap   total 360448K, used 172295K [0x0000000600000000, 0x0000000800000000)
  region size 4096K, 3 young (12288K), 3 survivors (12288K)
 Metaspace       used 131243K, committed 133696K, reserved 1179648K
  class space    used 17669K, committed 18880K, reserved 1048576K
}
Event: 40.850 GC heap before
{Heap before GC invocations=45 (full 0):
 garbage-first heap   total 360448K, used 319751K [0x0000000600000000, 0x0000000800000000)
  region size 4096K, 40 young (163840K), 3 survivors (12288K)
 Metaspace       used 135322K, committed 137856K, reserved 1179648K
  class space    used 18140K, committed 19392K, reserved 1048576K
}
Event: 40.860 GC heap after
{Heap after GC invocations=46 (full 0):
 garbage-first heap   total 360448K, used 173605K [0x0000000600000000, 0x0000000800000000)
  region size 4096K, 3 young (12288K), 3 survivors (12288K)
 Metaspace       used 135322K, committed 137856K, reserved 1179648K
  class space    used 18140K, committed 19392K, reserved 1048576K
}
Event: 558.735 GC heap before
{Heap before GC invocations=46 (full 0):
 garbage-first heap   total 360448K, used 321061K [0x0000000600000000, 0x0000000800000000)
  region size 4096K, 40 young (163840K), 3 survivors (12288K)
 Metaspace       used 139246K, committed 141824K, reserved 1179648K
  class space    used 18439K, committed 19712K, reserved 1048576K
}
Event: 558.850 GC heap after
{Heap after GC invocations=47 (full 0):
 garbage-first heap   total 360448K, used 181907K [0x0000000600000000, 0x0000000800000000)
  region size 4096K, 5 young (20480K), 5 survivors (20480K)
 Metaspace       used 139246K, committed 141824K, reserved 1179648K
  class space    used 18439K, committed 19712K, reserved 1048576K
}
Event: 575.497 GC heap before
{Heap before GC invocations=48 (full 0):
 garbage-first heap   total 401408K, used 390803K [0x0000000600000000, 0x0000000800000000)
  region size 4096K, 37 young (151552K), 5 survivors (20480K)
 Metaspace       used 139718K, committed 142336K, reserved 1179648K
  class space    used 18445K, committed 19712K, reserved 1048576K
}
Event: 575.527 GC heap after
{Heap after GC invocations=49 (full 0):
 garbage-first heap   total 438272K, used 203339K [0x0000000600000000, 0x0000000800000000)
  region size 4096K, 5 young (20480K), 5 survivors (20480K)
 Metaspace       used 139718K, committed 142336K, reserved 1179648K
  class space    used 18445K, committed 19712K, reserved 1048576K
}
Event: 653.149 GC heap before
{Heap before GC invocations=49 (full 0):
 garbage-first heap   total 438272K, used 387659K [0x0000000600000000, 0x0000000800000000)
  region size 4096K, 51 young (208896K), 5 survivors (20480K)
 Metaspace       used 139959K, committed 142528K, reserved 1179648K
  class space    used 18448K, committed 19712K, reserved 1048576K
}
Event: 653.186 GC heap after
{Heap after GC invocations=50 (full 0):
 garbage-first heap   total 438272K, used 201429K [0x0000000600000000, 0x0000000800000000)
  region size 4096K, 3 young (12288K), 3 survivors (12288K)
 Metaspace       used 139959K, committed 142528K, reserved 1179648K
  class space    used 18448K, committed 19712K, reserved 1048576K
}
Event: 1000.781 GC heap before
{Heap before GC invocations=50 (full 0):
 garbage-first heap   total 438272K, used 398037K [0x0000000600000000, 0x0000000800000000)
  region size 4096K, 51 young (208896K), 3 survivors (12288K)
 Metaspace       used 140506K, committed 143040K, reserved 1179648K
  class space    used 18456K, committed 19712K, reserved 1048576K
}
Event: 1000.861 GC heap after
{Heap after GC invocations=51 (full 0):
 garbage-first heap   total 438272K, used 200991K [0x0000000600000000, 0x0000000800000000)
  region size 4096K, 3 young (12288K), 3 survivors (12288K)
 Metaspace       used 140506K, committed 143040K, reserved 1179648K
  class space    used 18456K, committed 19712K, reserved 1048576K
}
Event: 1011.868 GC heap before
{Heap before GC invocations=52 (full 0):
 garbage-first heap   total 479232K, used 471327K [0x0000000600000000, 0x0000000800000000)
  region size 4096K, 50 young (204800K), 3 survivors (12288K)
 Metaspace       used 140908K, committed 143488K, reserved 1179648K
  class space    used 18461K, committed 19712K, reserved 1048576K
}
Event: 1011.895 GC heap after
{Heap after GC invocations=53 (full 0):
 garbage-first heap   total 520192K, used 232315K [0x0000000600000000, 0x0000000800000000)
  region size 4096K, 7 young (28672K), 7 survivors (28672K)
 Metaspace       used 140908K, committed 143488K, reserved 1179648K
  class space    used 18461K, committed 19712K, reserved 1048576K
}

