GC Precious Log:
 CardTable entry size: 512
 Card Set container configuration: InlinePtr #cards 4 size 8 Array Of Cards #cards 32 size 80 Howl #buckets 8 coarsen threshold 7372 Howl Bitmap #cards 1024 size 144 coarsen threshold 921 Card regions per heap region 1 cards per card region 8192
 CPUs: 12 total, 12 available
 Memory: 7528M
 Large Page Support: Disabled
 NUMA Support: Disabled
 Compressed Oops: Enabled (Zero based)
 Heap Region Size: 4M
 Heap Min Capacity: 8M
 Heap Initial Capacity: 120M
 Heap Max Capacity: 8G
 Pre-touch: Disabled
 Parallel Workers: 10
 Concurrent Workers: 3
 Concurrent Refinement Workers: 10
 Periodic GC: Disabled
Heap:
 garbage-first heap   total 425984K, used 303207K [0x0000000600000000, 0x0000000800000000)
  region size 4096K, 36 young (147456K), 4 survivors (16384K)
 Metaspace       used 140780K, committed 143360K, reserved 1179648K
  class space    used 18516K, committed 19776K, reserved 1048576K
GC Heap History (20 events):
Event: 14.422 GC heap before
{Heap before GC invocations=33 (full 0):
 garbage-first heap   total 208896K, used 179612K [0x0000000600000000, 0x0000000800000000)
  region size 4096K, 14 young (57344K), 3 survivors (12288K)
 Metaspace       used 104473K, committed 106560K, reserved 1179648K
  class space    used 14071K, committed 15104K, reserved 1048576K
}
Event: 14.430 GC heap after
{Heap after GC invocations=34 (full 0):
 garbage-first heap   total 208896K, used 137869K [0x0000000600000000, 0x0000000800000000)
  region size 4096K, 1 young (4096K), 1 survivors (4096K)
 Metaspace       used 104473K, committed 106560K, reserved 1179648K
  class space    used 14071K, committed 15104K, reserved 1048576K
}
Event: 14.886 GC heap before
{Heap before GC invocations=35 (full 0):
 garbage-first heap   total 233472K, used 187021K [0x0000000600000000, 0x0000000800000000)
  region size 4096K, 13 young (53248K), 1 survivors (4096K)
 Metaspace       used 108217K, committed 110400K, reserved 1179648K
  class space    used 14624K, committed 15680K, reserved 1048576K
}
Event: 14.890 GC heap after
{Heap after GC invocations=36 (full 0):
 garbage-first heap   total 233472K, used 139224K [0x0000000600000000, 0x0000000800000000)
  region size 4096K, 2 young (8192K), 2 survivors (8192K)
 Metaspace       used 108217K, committed 110400K, reserved 1179648K
  class space    used 14624K, committed 15680K, reserved 1048576K
}
Event: 15.574 GC heap before
{Heap before GC invocations=36 (full 0):
 garbage-first heap   total 233472K, used 204760K [0x0000000600000000, 0x0000000800000000)
  region size 4096K, 18 young (73728K), 2 survivors (8192K)
 Metaspace       used 113247K, committed 115392K, reserved 1179648K
  class space    used 15398K, committed 16448K, reserved 1048576K
}
Event: 15.581 GC heap after
{Heap after GC invocations=37 (full 0):
 garbage-first heap   total 294912K, used 141065K [0x0000000600000000, 0x0000000800000000)
  region size 4096K, 2 young (8192K), 2 survivors (8192K)
 Metaspace       used 113247K, committed 115392K, reserved 1179648K
  class space    used 15398K, committed 16448K, reserved 1048576K
}
Event: 16.782 GC heap before
{Heap before GC invocations=37 (full 0):
 garbage-first heap   total 294912K, used 263945K [0x0000000600000000, 0x0000000800000000)
  region size 4096K, 32 young (131072K), 2 survivors (8192K)
 Metaspace       used 121434K, committed 123776K, reserved 1179648K
  class space    used 16566K, committed 17664K, reserved 1048576K
}
Event: 16.796 GC heap after
{Heap after GC invocations=38 (full 0):
 garbage-first heap   total 294912K, used 150599K [0x0000000600000000, 0x0000000800000000)
  region size 4096K, 4 young (16384K), 4 survivors (16384K)
 Metaspace       used 121434K, committed 123776K, reserved 1179648K
  class space    used 16566K, committed 17664K, reserved 1048576K
}
Event: 26.745 GC heap before
{Heap before GC invocations=38 (full 0):
 garbage-first heap   total 294912K, used 252999K [0x0000000600000000, 0x0000000800000000)
  region size 4096K, 30 young (122880K), 4 survivors (16384K)
 Metaspace       used 126728K, committed 129088K, reserved 1179648K
  class space    used 17107K, committed 18240K, reserved 1048576K
}
Event: 26.765 GC heap after
{Heap after GC invocations=39 (full 0):
 garbage-first heap   total 294912K, used 162219K [0x0000000600000000, 0x0000000800000000)
  region size 4096K, 3 young (12288K), 3 survivors (12288K)
 Metaspace       used 126728K, committed 129088K, reserved 1179648K
  class space    used 17107K, committed 18240K, reserved 1048576K
}
Event: 27.986 GC heap before
{Heap before GC invocations=39 (full 0):
 garbage-first heap   total 294912K, used 244139K [0x0000000600000000, 0x0000000800000000)
  region size 4096K, 25 young (102400K), 3 survivors (12288K)
 Metaspace       used 128327K, committed 130752K, reserved 1179648K
  class space    used 17316K, committed 18496K, reserved 1048576K
}
Event: 27.999 GC heap after
{Heap after GC invocations=40 (full 0):
 garbage-first heap   total 294912K, used 168294K [0x0000000600000000, 0x0000000800000000)
  region size 4096K, 2 young (8192K), 2 survivors (8192K)
 Metaspace       used 128327K, committed 130752K, reserved 1179648K
  class space    used 17316K, committed 18496K, reserved 1048576K
}
Event: 29.185 GC heap before
{Heap before GC invocations=41 (full 0):
 garbage-first heap   total 425984K, used 336230K [0x0000000600000000, 0x0000000800000000)
  region size 4096K, 24 young (98304K), 2 survivors (8192K)
 Metaspace       used 131141K, committed 133632K, reserved 1179648K
  class space    used 17667K, committed 18880K, reserved 1048576K
}
Event: 29.194 GC heap after
{Heap after GC invocations=42 (full 0):
 garbage-first heap   total 425984K, used 171168K [0x0000000600000000, 0x0000000800000000)
  region size 4096K, 3 young (12288K), 3 survivors (12288K)
 Metaspace       used 131141K, committed 133632K, reserved 1179648K
  class space    used 17667K, committed 18880K, reserved 1048576K
}
Event: 93.452 GC heap before
{Heap before GC invocations=42 (full 0):
 garbage-first heap   total 425984K, used 380064K [0x0000000600000000, 0x0000000800000000)
  region size 4096K, 55 young (225280K), 3 survivors (12288K)
 Metaspace       used 138850K, committed 141376K, reserved 1179648K
  class space    used 18437K, committed 19648K, reserved 1048576K
}
Event: 93.469 GC heap after
{Heap after GC invocations=43 (full 0):
 garbage-first heap   total 425984K, used 175199K [0x0000000600000000, 0x0000000800000000)
  region size 4096K, 4 young (16384K), 4 survivors (16384K)
 Metaspace       used 138850K, committed 141376K, reserved 1179648K
  class space    used 18437K, committed 19648K, reserved 1048576K
}
Event: 1036.711 GC heap before
{Heap before GC invocations=43 (full 0):
 garbage-first heap   total 425984K, used 375903K [0x0000000600000000, 0x0000000800000000)
  region size 4096K, 54 young (221184K), 4 survivors (16384K)
 Metaspace       used 139808K, committed 142400K, reserved 1179648K
  class space    used 18452K, committed 19712K, reserved 1048576K
}
Event: 1036.873 GC heap after
{Heap after GC invocations=44 (full 0):
 garbage-first heap   total 425984K, used 173226K [0x0000000600000000, 0x0000000800000000)
  region size 4096K, 3 young (12288K), 3 survivors (12288K)
 Metaspace       used 139808K, committed 142400K, reserved 1179648K
  class space    used 18452K, committed 19712K, reserved 1048576K
}
Event: 1129.145 GC heap before
{Heap before GC invocations=45 (full 0):
 garbage-first heap   total 425984K, used 382122K [0x0000000600000000, 0x0000000800000000)
  region size 4096K, 55 young (225280K), 3 survivors (12288K)
 Metaspace       used 140468K, committed 143040K, reserved 1179648K
  class space    used 18510K, committed 19776K, reserved 1048576K
}
Event: 1129.193 GC heap after
{Heap after GC invocations=46 (full 0):
 garbage-first heap   total 425984K, used 176231K [0x0000000600000000, 0x0000000800000000)
  region size 4096K, 4 young (16384K), 4 survivors (16384K)
 Metaspace       used 140468K, committed 143040K, reserved 1179648K
  class space    used 18510K, committed 19776K, reserved 1048576K
}

